
> front@0.1.0 start
> react-scripts start

(node:10411) [DEP_WEBPACK_DEV_SERVER_ON_AFTER_SETUP_MIDDLEWARE] DeprecationWarning: 'onAfterSetupMiddleware' option is deprecated. Please use the 'setupMiddlewares' option.
(Use `node --trace-deprecation ...` to show where the warning was created)
(node:10411) [DEP_WEBPACK_DEV_SERVER_ON_BEFORE_SETUP_MIDDLEWARE] DeprecationWarning: 'onBeforeSetupMiddleware' option is deprecated. Please use the 'setupMiddlewares' option.
Starting the development server...

Compiled with warnings.

[eslint] 
src/components/AeroportGame.js
  Line 29:3:    'debugGameEmbed' is assigned a value but never used  no-unused-vars
  Line 438:10:  'gameState' is assigned a value but never used       no-unused-vars
  Line 439:10:  'playerId' is assigned a value but never used        no-unused-vars

Search for the keywords to learn more about each warning.
To ignore, add // eslint-disable-next-line to the line before.

WARNING in [eslint] 
src/components/AeroportGame.js
  Line 29:3:    'debugGameEmbed' is assigned a value but never used  no-unused-vars
  Line 438:10:  'gameState' is assigned a value but never used       no-unused-vars
  Line 439:10:  'playerId' is assigned a value but never used        no-unused-vars

webpack compiled with 1 warning
Compiling...
Compiled with warnings.

[eslint] 
src/components/AeroportGame.js
  Line 29:3:    'debugGameEmbed' is assigned a value but never used  no-unused-vars
  Line 435:10:  'gameState' is assigned a value but never used       no-unused-vars
  Line 436:10:  'playerId' is assigned a value but never used        no-unused-vars

Search for the keywords to learn more about each warning.
To ignore, add // eslint-disable-next-line to the line before.

WARNING in [eslint] 
src/components/AeroportGame.js
  Line 29:3:    'debugGameEmbed' is assigned a value but never used  no-unused-vars
  Line 435:10:  'gameState' is assigned a value but never used       no-unused-vars
  Line 436:10:  'playerId' is assigned a value but never used        no-unused-vars

webpack compiled with 1 warning
Compiling...
Compiled with warnings.

[eslint] 
src/components/AeroportGame.js
  Line 29:3:    'debugGameEmbed' is assigned a value but never used  no-unused-vars
  Line 435:10:  'gameState' is assigned a value but never used       no-unused-vars
  Line 436:10:  'playerId' is assigned a value but never used        no-unused-vars

Search for the keywords to learn more about each warning.
To ignore, add // eslint-disable-next-line to the line before.

WARNING in [eslint] 
src/components/AeroportGame.js
  Line 29:3:    'debugGameEmbed' is assigned a value but never used  no-unused-vars
  Line 435:10:  'gameState' is assigned a value but never used       no-unused-vars
  Line 436:10:  'playerId' is assigned a value but never used        no-unused-vars

webpack compiled with 1 warning
Compiling...
Compiled with warnings.

[eslint] 
src/components/AeroportGame.js
  Line 29:3:    'debugGameEmbed' is assigned a value but never used  no-unused-vars
  Line 435:10:  'gameState' is assigned a value but never used       no-unused-vars
  Line 436:10:  'playerId' is assigned a value but never used        no-unused-vars

Search for the keywords to learn more about each warning.
To ignore, add // eslint-disable-next-line to the line before.

WARNING in [eslint] 
src/components/AeroportGame.js
  Line 29:3:    'debugGameEmbed' is assigned a value but never used  no-unused-vars
  Line 435:10:  'gameState' is assigned a value but never used       no-unused-vars
  Line 436:10:  'playerId' is assigned a value but never used        no-unused-vars

webpack compiled with 1 warning
